-------------------------------------------------------------------------------
Test set: selenium.ExampleSeleniumTest
-------------------------------------------------------------------------------
Tests run: 33, Failures: 1, Errors: 0, Skipped: 0, Time elapsed: 198.537 s <<< FAILURE! - in selenium.ExampleSeleniumTest
checkoutNegative  Time elapsed: 4.581 s  <<< FAILURE!
org.opentest4j.AssertionFailedError: expected: <$0.00> but was: <$10.00>
	at selenium.ExampleSeleniumTest.checkoutNegative(ExampleSeleniumTest.java:353)

